<?xml version="1.0" encoding="UTF-8"?>
<!-- Generated by org.testng.reporters.JUnitReportReporter -->
<testsuite hostname="AVISHEK-PC" failures="0" tests="1" name="testCases.TC001_AccountRegistrationTest" time="2.127" errors="0" timestamp="2024-08-28T00:54:57 IST" skipped="0">
  <testcase classname="testCases.TC001_AccountRegistrationTest" name="verifyRegistration" time="2.127"/>
</testsuite> <!-- testCases.TC001_AccountRegistrationTest -->
